# JRE version: OpenJDK Runtime Environment (7.0_75-b13) (build 1.7.0_75-b13)
# Java VM: OpenJDK 64-Bit Server VM (24.75-b04 mixed mode linux-amd64 compressed oops)
Heap
 par new generation   total 39296K, used 12843K [0x00000000bb400000, 0x00000000bdea0000, 0x00000000cae00000)
  eden space 34944K,  26% used [0x00000000bb400000, 0x00000000bbd16110, 0x00000000bd620000)
  from space 4352K,  81% used [0x00000000bda60000, 0x00000000bddd4bc0, 0x00000000bdea0000)
  to   space 4352K,   0% used [0x00000000bd620000, 0x00000000bd620000, 0x00000000bda60000)
 concurrent mark-sweep generation total 164596K, used 107394K [0x00000000cae00000, 0x00000000d4ebd000, 0x00000000ea200000)
 concurrent-mark-sweep perm gen total 181068K, used 117280K [0x00000000ea200000, 0x00000000f52d3000, 0x0000000100000000)
GC Heap History (10 events):
Event: 58.874 GC heap before
{Heap before GC invocations=24 (full 3):
 par new generation   total 39296K, used 39296K [0x00000000bb400000, 0x00000000bdea0000, 0x00000000cae00000)
  eden space 34944K, 100% used [0x00000000bb400000, 0x00000000bd620000, 0x00000000bd620000)
  from space 4352K, 100% used [0x00000000bd620000, 0x00000000bda60000, 0x00000000bda60000)
  to   space 4352K,   0% used [0x00000000bda60000, 0x00000000bda60000, 0x00000000bdea0000)
 concurrent mark-sweep generation total 119088K, used 97307K [0x00000000cae00000, 0x00000000d224c000, 0x00000000ea200000)
 concurrent-mark-sweep perm gen total 173644K, used 106889K [0x00000000ea200000, 0x00000000f4b93000, 0x0000000100000000)
Event: 58.891 GC heap after
Heap after GC invocations=25 (full 3):
 par new generation   total 39296K, used 4352K [0x00000000bb400000, 0x00000000bdea0000, 0x00000000cae00000)
  eden space 34944K,   0% used [0x00000000bb400000, 0x00000000bb400000, 0x00000000bd620000)
  from space 4352K, 100% used [0x00000000bda60000, 0x00000000bdea0000, 0x00000000bdea0000)
  to   space 4352K,   0% used [0x00000000bd620000, 0x00000000bd620000, 0x00000000bda60000)
 concurrent mark-sweep generation total 119088K, used 101799K [0x00000000cae00000, 0x00000000d224c000, 0x00000000ea200000)
 concurrent-mark-sweep perm gen total 173644K, used 106889K [0x00000000ea200000, 0x00000000f4b93000, 0x0000000100000000)
}
Event: 61.160 GC heap before
{Heap before GC invocations=25 (full 3):
 par new generation   total 39296K, used 39296K [0x00000000bb400000, 0x00000000bdea0000, 0x00000000cae00000)
  eden space 34944K, 100% used [0x00000000bb400000, 0x00000000bd620000, 0x00000000bd620000)
  from space 4352K, 100% used [0x00000000bda60000, 0x00000000bdea0000, 0x00000000bdea0000)
  to   space 4352K,   0% used [0x00000000bd620000, 0x00000000bd620000, 0x00000000bda60000)
 concurrent mark-sweep generation total 164596K, used 98756K [0x00000000cae00000, 0x00000000d4ebd000, 0x00000000ea200000)
 concurrent-mark-sweep perm gen total 181068K, used 109388K [0x00000000ea200000, 0x00000000f52d3000, 0x0000000100000000)
Event: 61.170 GC heap after
Heap after GC invocations=26 (full 3):
 par new generation   total 39296K, used 4352K [0x00000000bb400000, 0x00000000bdea0000, 0x00000000cae00000)
  eden space 34944K,   0% used [0x00000000bb400000, 0x00000000bb400000, 0x00000000bd620000)
  from space 4352K, 100% used [0x00000000bd620000, 0x00000000bda60000, 0x00000000bda60000)
  to   space 4352K,   0% used [0x00000000bda60000, 0x00000000bda60000, 0x00000000bdea0000)
 concurrent mark-sweep generation total 164596K, used 99336K [0x00000000cae00000, 0x00000000d4ebd000, 0x00000000ea200000)
 concurrent-mark-sweep perm gen total 181068K, used 109388K [0x00000000ea200000, 0x00000000f52d3000, 0x0000000100000000)
}
Event: 62.536 GC heap before
{Heap before GC invocations=26 (full 3):
 par new generation   total 39296K, used 39296K [0x00000000bb400000, 0x00000000bdea0000, 0x00000000cae00000)
  eden space 34944K, 100% used [0x00000000bb400000, 0x00000000bd620000, 0x00000000bd620000)
  from space 4352K, 100% used [0x00000000bd620000, 0x00000000bda60000, 0x00000000bda60000)
  to   space 4352K,   0% used [0x00000000bda60000, 0x00000000bda60000, 0x00000000bdea0000)
 concurrent mark-sweep generation total 164596K, used 99336K [0x00000000cae00000, 0x00000000d4ebd000, 0x00000000ea200000)
 concurrent-mark-sweep perm gen total 181068K, used 113102K [0x00000000ea200000, 0x00000000f52d3000, 0x0000000100000000)
Event: 62.565 GC heap after
Heap after GC invocations=27 (full 3):
 par new generation   total 39296K, used 4352K [0x00000000bb400000, 0x00000000bdea0000, 0x00000000cae00000)
  eden space 34944K,   0% used [0x00000000bb400000, 0x00000000bb400000, 0x00000000bd620000)
  from space 4352K, 100% used [0x00000000bda60000, 0x00000000bdea0000, 0x00000000bdea0000)
  to   space 4352K,   0% used [0x00000000bd620000, 0x00000000bd620000, 0x00000000bda60000)
 concurrent mark-sweep generation total 164596K, used 104061K [0x00000000cae00000, 0x00000000d4ebd000, 0x00000000ea200000)
 concurrent-mark-sweep perm gen total 181068K, used 113102K [0x00000000ea200000, 0x00000000f52d3000, 0x0000000100000000)
}
Event: 63.605 GC heap before
{Heap before GC invocations=27 (full 3):
 par new generation   total 39296K, used 38056K [0x00000000bb400000, 0x00000000bdea0000, 0x00000000cae00000)
  eden space 34944K,  96% used [0x00000000bb400000, 0x00000000bd4ea168, 0x00000000bd620000)
  from space 4352K, 100% used [0x00000000bda60000, 0x00000000bdea0000, 0x00000000bdea0000)
  to   space 4352K,   0% used [0x00000000bd620000, 0x00000000bd620000, 0x00000000bda60000)
 concurrent mark-sweep generation total 164596K, used 104061K [0x00000000cae00000, 0x00000000d4ebd000, 0x00000000ea200000)
 concurrent-mark-sweep perm gen total 181068K, used 114277K [0x00000000ea200000, 0x00000000f52d3000, 0x0000000100000000)
Event: 63.625 GC heap after
Heap after GC invocations=28 (full 3):
 par new generation   total 39296K, used 4352K [0x00000000bb400000, 0x00000000bdea0000, 0x00000000cae00000)
  eden space 34944K,   0% used [0x00000000bb400000, 0x00000000bb400000, 0x00000000bd620000)
  from space 4352K, 100% used [0x00000000bd620000, 0x00000000bda60000, 0x00000000bda60000)
  to   space 4352K,   0% used [0x00000000bda60000, 0x00000000bda60000, 0x00000000bdea0000)
 concurrent mark-sweep generation total 164596K, used 107394K [0x00000000cae00000, 0x00000000d4ebd000, 0x00000000ea200000)
 concurrent-mark-sweep perm gen total 181068K, used 114277K [0x00000000ea200000, 0x00000000f52d3000, 0x0000000100000000)
}
Event: 370.405 GC heap before
{Heap before GC invocations=28 (full 3):
 par new generation   total 39296K, used 39296K [0x00000000bb400000, 0x00000000bdea0000, 0x00000000cae00000)
  eden space 34944K, 100% used [0x00000000bb400000, 0x00000000bd620000, 0x00000000bd620000)
  from space 4352K, 100% used [0x00000000bd620000, 0x00000000bda60000, 0x00000000bda60000)
  to   space 4352K,   0% used [0x00000000bda60000, 0x00000000bda60000, 0x00000000bdea0000)
 concurrent mark-sweep generation total 164596K, used 107394K [0x00000000cae00000, 0x00000000d4ebd000, 0x00000000ea200000)
 concurrent-mark-sweep perm gen total 181068K, used 117250K [0x00000000ea200000, 0x00000000f52d3000, 0x0000000100000000)
Event: 370.412 GC heap after
Heap after GC invocations=29 (full 3):
 par new generation   total 39296K, used 3538K [0x00000000bb400000, 0x00000000bdea0000, 0x00000000cae00000)
  eden space 34944K,   0% used [0x00000000bb400000, 0x00000000bb400000, 0x00000000bd620000)
  from space 4352K,  81% used [0x00000000bda60000, 0x00000000bddd4bc0, 0x00000000bdea0000)
  to   space 4352K,   0% used [0x00000000bd620000, 0x00000000bd620000, 0x00000000bda60000)
 concurrent mark-sweep generation total 164596K, used 107394K [0x00000000cae00000, 0x00000000d4ebd000, 0x00000000ea200000)
 concurrent-mark-sweep perm gen total 181068K, used 117250K [0x00000000ea200000, 0x00000000f52d3000, 0x0000000100000000)
}

